The system is: Linux - 5.13.0-30-generic - x86_64
Compiling the C compiler identification source file "CMakeCCompilerId.c" succeeded.
Compiler: /usr/bin/cc 
Build flags: 
Id flags:  

The output was:
0


Compilation of the C compiler identification source "CMakeCCompilerId.c" produced "a.out"

The C compiler identification is GNU, found in "/home/blla008/Documents/bd-anchors-new/bd-index_new/psascan/libdivsufsort-2.0.1/build/CMakeFiles/3.16.3/CompilerIdC/a.out"

Determining if the C compiler works passed with the following output:
Change Dir: /home/blla008/Documents/bd-anchors-new/bd-index_new/psascan/libdivsufsort-2.0.1/build/CMakeFiles/CMakeTmp

Run Build Command(s):/usr/bin/make cmTC_2a2ae/fast && /usr/bin/make -f CMakeFiles/cmTC_2a2ae.dir/build.make CMakeFiles/cmTC_2a2ae.dir/build
make[1]: Entering directory '/home/blla008/Documents/bd-anchors-new/bd-index_new/psascan/libdivsufsort-2.0.1/build/CMakeFiles/CMakeTmp'
Building C object CMakeFiles/cmTC_2a2ae.dir/testCCompiler.c.o
/usr/bin/cc    -o CMakeFiles/cmTC_2a2ae.dir/testCCompiler.c.o   -c /home/blla008/Documents/bd-anchors-new/bd-index_new/psascan/libdivsufsort-2.0.1/build/CMakeFiles/CMakeTmp/testCCompiler.c
Linking C executable cmTC_2a2ae
/usr/bin/cmake -E cmake_link_script CMakeFiles/cmTC_2a2ae.dir/link.txt --verbose=1
/usr/bin/cc      -rdynamic CMakeFiles/cmTC_2a2ae.dir/testCCompiler.c.o  -o cmTC_2a2ae 
make[1]: Leaving directory '/home/blla008/Documents/bd-anchors-new/bd-index_new/psascan/libdivsufsort-2.0.1/build/CMakeFiles/CMakeTmp'



Detecting C compiler ABI info compiled with the following output:
Change Dir: /home/blla008/Documents/bd-anchors-new/bd-index_new/psascan/libdivsufsort-2.0.1/build/CMakeFiles/CMakeTmp

Run Build Command(s):/usr/bin/make cmTC_d3168/fast && /usr/bin/make -f CMakeFiles/cmTC_d3168.dir/build.make CMakeFiles/cmTC_d3168.dir/build
make[1]: Entering directory '/home/blla008/Documents/bd-anchors-new/bd-index_new/psascan/libdivsufsort-2.0.1/build/CMakeFiles/CMakeTmp'
Building C object CMakeFiles/cmTC_d3168.dir/CMakeCCompilerABI.c.o
/usr/bin/cc   -v -o CMakeFiles/cmTC_d3168.dir/CMakeCCompilerABI.c.o   -c /usr/share/cmake-3.16/Modules/CMakeCCompilerABI.c
Using built-in specs.
COLLECT_GCC=/usr/bin/cc
OFFLOAD_TARGET_NAMES=nvptx-none:hsa
OFFLOAD_TARGET_DEFAULT=1
Target: x86_64-linux-gnu
Configured with: ../src/configure -v --with-pkgversion='Ubuntu 9.4.0-1ubuntu1~20.04.1' --with-bugurl=file:///usr/share/doc/gcc-9/README.Bugs --enable-languages=c,ada,c++,go,brig,d,fortran,objc,obj-c++,gm2 --prefix=/usr --with-gcc-major-version-only --program-suffix=-9 --program-prefix=x86_64-linux-gnu- --enable-shared --enable-linker-build-id --libexecdir=/usr/lib --without-included-gettext --enable-threads=posix --libdir=/usr/lib --enable-nls --enable-clocale=gnu --enable-libstdcxx-debug --enable-libstdcxx-time=yes --with-default-libstdcxx-abi=new --enable-gnu-unique-object --disable-vtable-verify --enable-plugin --enable-default-pie --with-system-zlib --with-target-system-zlib=auto --enable-objc-gc=auto --enable-multiarch --disable-werror --with-arch-32=i686 --with-abi=m64 --with-multilib-list=m32,m64,mx32 --enable-multilib --with-tune=generic --enable-offload-targets=nvptx-none=/build/gcc-9-Av3uEd/gcc-9-9.4.0/debian/tmp-nvptx/usr,hsa --without-cuda-driver --enable-checking=release --build=x86_64-linux-gnu --host=x86_64-linux-gnu --target=x86_64-linux-gnu
Thread model: posix
gcc version 9.4.0 (Ubuntu 9.4.0-1ubuntu1~20.04.1) 
COLLECT_GCC_OPTIONS='-v' '-o' 'CMakeFiles/cmTC_d3168.dir/CMakeCCompilerABI.c.o' '-c' '-mtune=generic' '-march=x86-64'
 /usr/lib/gcc/x86_64-linux-gnu/9/cc1 -quiet -v -imultiarch x86_64-linux-gnu /usr/share/cmake-3.16/Modules/CMakeCCompilerABI.c -quiet -dumpbase CMakeCCompilerABI.c -mtune=generic -march=x86-64 -auxbase-strip CMakeFiles/cmTC_d3168.dir/CMakeCCompilerABI.c.o -version -fasynchronous-unwind-tables -fstack-protector-strong -Wformat -Wformat-security -fstack-clash-protection -fcf-protection -o /tmp/ccFCwTnO.s
GNU C17 (Ubuntu 9.4.0-1ubuntu1~20.04.1) version 9.4.0 (x86_64-linux-gnu)
	compiled by GNU C version 9.4.0, GMP version 6.2.0, MPFR version 4.0.2, MPC version 1.1.0, isl version isl-0.22.1-GMP

GGC heuristics: --param ggc-min-expand=100 --param ggc-min-heapsize=131072
ignoring nonexistent directory "/usr/local/include/x86_64-linux-gnu"
ignoring nonexistent directory "/usr/lib/gcc/x86_64-linux-gnu/9/include-fixed"
ignoring nonexistent directory "/usr/lib/gcc/x86_64-linux-gnu/9/../../../../x86_64-linux-gnu/include"
#include "..." search starts here:
#include <...> search starts here:
 /usr/lib/gcc/x86_64-linux-gnu/9/include
 /usr/local/include
 /usr/include/x86_64-linux-gnu
 /usr/include
End of search list.
GNU C17 (Ubuntu 9.4.0-1ubuntu1~20.04.1) version 9.4.0 (x86_64-linux-gnu)
	compiled by GNU C version 9.4.0, GMP version 6.2.0, MPFR version 4.0.2, MPC version 1.1.0, isl version isl-0.22.1-GMP

GGC heuristics: --param ggc-min-expand=100 --param ggc-min-heapsize=131072
Compiler executable checksum: c0c95c0b4209efec1c1892d5ff24030b
COLLECT_GCC_OPTIONS='-v' '-o' 'CMakeFiles/cmTC_d3168.dir/CMakeCCompilerABI.c.o' '-c' '-mtune=generic' '-march=x86-64'
 as -v --64 -o CMakeFiles/cmTC_d3168.dir/CMakeCCompilerABI.c.o /tmp/ccFCwTnO.s
GNU assembler version 2.34 (x86_64-linux-gnu) using BFD version (GNU Binutils for Ubuntu) 2.34
COMPILER_PATH=/usr/lib/gcc/x86_64-linux-gnu/9/:/usr/lib/gcc/x86_64-linux-gnu/9/:/usr/lib/gcc/x86_64-linux-gnu/:/usr/lib/gcc/x86_64-linux-gnu/9/:/usr/lib/gcc/x86_64-linux-gnu/
LIBRARY_PATH=/usr/lib/gcc/x86_64-linux-gnu/9/:/usr/lib/gcc/x86_64-linux-gnu/9/../../../x86_64-linux-gnu/:/usr/lib/gcc/x86_64-linux-gnu/9/../../../../lib/:/lib/x86_64-linux-gnu/:/lib/../lib/:/usr/lib/x86_64-linux-gnu/:/usr/lib/../lib/:/usr/lib/gcc/x86_64-linux-gnu/9/../../../:/lib/:/usr/lib/
COLLECT_GCC_OPTIONS='-v' '-o' 'CMakeFiles/cmTC_d3168.dir/CMakeCCompilerABI.c.o' '-c' '-mtune=generic' '-march=x86-64'
Linking C executable cmTC_d3168
/usr/bin/cmake -E cmake_link_script CMakeFiles/cmTC_d3168.dir/link.txt --verbose=1
/usr/bin/cc     -v -rdynamic CMakeFiles/cmTC_d3168.dir/CMakeCCompilerABI.c.o  -o cmTC_d3168 
Using built-in specs.
COLLECT_GCC=/usr/bin/cc
COLLECT_LTO_WRAPPER=/usr/lib/gcc/x86_64-linux-gnu/9/lto-wrapper
OFFLOAD_TARGET_NAMES=nvptx-none:hsa
OFFLOAD_TARGET_DEFAULT=1
Target: x86_64-linux-gnu
Configured with: ../src/configure -v --with-pkgversion='Ubuntu 9.4.0-1ubuntu1~20.04.1' --with-bugurl=file:///usr/share/doc/gcc-9/README.Bugs --enable-languages=c,ada,c++,go,brig,d,fortran,objc,obj-c++,gm2 --prefix=/usr --with-gcc-major-version-only --program-suffix=-9 --program-prefix=x86_64-linux-gnu- --enable-shared --enable-linker-build-id --libexecdir=/usr/lib --without-included-gettext --enable-threads=posix --libdir=/usr/lib --enable-nls --enable-clocale=gnu --enable-libstdcxx-debug --enable-libstdcxx-time=yes --with-default-libstdcxx-abi=new --enable-gnu-unique-object --disable-vtable-verify --enable-plugin --enable-default-pie --with-system-zlib --with-target-system-zlib=auto --enable-objc-gc=auto --enable-multiarch --disable-werror --with-arch-32=i686 --with-abi=m64 --with-multilib-list=m32,m64,mx32 --enable-multilib --with-tune=generic --enable-offload-targets=nvptx-none=/build/gcc-9-Av3uEd/gcc-9-9.4.0/debian/tmp-nvptx/usr,hsa --without-cuda-driver --enable-checking=release --build=x86_64-linux-gnu --host=x86_64-linux-gnu --target=x86_64-linux-gnu
Thread model: posix
gcc version 9.4.0 (Ubuntu 9.4.0-1ubuntu1~20.04.1) 
COMPILER_PATH=/usr/lib/gcc/x86_64-linux-gnu/9/:/usr/lib/gcc/x86_64-linux-gnu/9/:/usr/lib/gcc/x86_64-linux-gnu/:/usr/lib/gcc/x86_64-linux-gnu/9/:/usr/lib/gcc/x86_64-linux-gnu/
LIBRARY_PATH=/usr/lib/gcc/x86_64-linux-gnu/9/:/usr/lib/gcc/x86_64-linux-gnu/9/../../../x86_64-linux-gnu/:/usr/lib/gcc/x86_64-linux-gnu/9/../../../../lib/:/lib/x86_64-linux-gnu/:/lib/../lib/:/usr/lib/x86_64-linux-gnu/:/usr/lib/../lib/:/usr/lib/gcc/x86_64-linux-gnu/9/../../../:/lib/:/usr/lib/
COLLECT_GCC_OPTIONS='-v' '-rdynamic' '-o' 'cmTC_d3168' '-mtune=generic' '-march=x86-64'
 /usr/lib/gcc/x86_64-linux-gnu/9/collect2 -plugin /usr/lib/gcc/x86_64-linux-gnu/9/liblto_plugin.so -plugin-opt=/usr/lib/gcc/x86_64-linux-gnu/9/lto-wrapper -plugin-opt=-fresolution=/tmp/cc5zCtRh.res -plugin-opt=-pass-through=-lgcc -plugin-opt=-pass-through=-lgcc_s -plugin-opt=-pass-through=-lc -plugin-opt=-pass-through=-lgcc -plugin-opt=-pass-through=-lgcc_s --build-id --eh-frame-hdr -m elf_x86_64 --hash-style=gnu --as-needed -export-dynamic -dynamic-linker /lib64/ld-linux-x86-64.so.2 -pie -z now -z relro -o cmTC_d3168 /usr/lib/gcc/x86_64-linux-gnu/9/../../../x86_64-linux-gnu/Scrt1.o /usr/lib/gcc/x86_64-linux-gnu/9/../../../x86_64-linux-gnu/crti.o /usr/lib/gcc/x86_64-linux-gnu/9/crtbeginS.o -L/usr/lib/gcc/x86_64-linux-gnu/9 -L/usr/lib/gcc/x86_64-linux-gnu/9/../../../x86_64-linux-gnu -L/usr/lib/gcc/x86_64-linux-gnu/9/../../../../lib -L/lib/x86_64-linux-gnu -L/lib/../lib -L/usr/lib/x86_64-linux-gnu -L/usr/lib/../lib -L/usr/lib/gcc/x86_64-linux-gnu/9/../../.. CMakeFiles/cmTC_d3168.dir/CMakeCCompilerABI.c.o -lgcc --push-state --as-needed -lgcc_s --pop-state -lc -lgcc --push-state --as-needed -lgcc_s --pop-state /usr/lib/gcc/x86_64-linux-gnu/9/crtendS.o /usr/lib/gcc/x86_64-linux-gnu/9/../../../x86_64-linux-gnu/crtn.o
COLLECT_GCC_OPTIONS='-v' '-rdynamic' '-o' 'cmTC_d3168' '-mtune=generic' '-march=x86-64'
make[1]: Leaving directory '/home/blla008/Documents/bd-anchors-new/bd-index_new/psascan/libdivsufsort-2.0.1/build/CMakeFiles/CMakeTmp'



Parsed C implicit include dir info from above output: rv=done
  found start of include info
  found start of implicit include info
    add: [/usr/lib/gcc/x86_64-linux-gnu/9/include]
    add: [/usr/local/include]
    add: [/usr/include/x86_64-linux-gnu]
    add: [/usr/include]
  end of search list found
  collapse include dir [/usr/lib/gcc/x86_64-linux-gnu/9/include] ==> [/usr/lib/gcc/x86_64-linux-gnu/9/include]
  collapse include dir [/usr/local/include] ==> [/usr/local/include]
  collapse include dir [/usr/include/x86_64-linux-gnu] ==> [/usr/include/x86_64-linux-gnu]
  collapse include dir [/usr/include] ==> [/usr/include]
  implicit include dirs: [/usr/lib/gcc/x86_64-linux-gnu/9/include;/usr/local/include;/usr/include/x86_64-linux-gnu;/usr/include]


Parsed C implicit link information from above output:
  link line regex: [^( *|.*[/\])(ld|CMAKE_LINK_STARTFILE-NOTFOUND|([^/\]+-)?ld|collect2)[^/\]*( |$)]
  ignore line: [Change Dir: /home/blla008/Documents/bd-anchors-new/bd-index_new/psascan/libdivsufsort-2.0.1/build/CMakeFiles/CMakeTmp]
  ignore line: []
  ignore line: [Run Build Command(s):/usr/bin/make cmTC_d3168/fast && /usr/bin/make -f CMakeFiles/cmTC_d3168.dir/build.make CMakeFiles/cmTC_d3168.dir/build]
  ignore line: [make[1]: Entering directory '/home/blla008/Documents/bd-anchors-new/bd-index_new/psascan/libdivsufsort-2.0.1/build/CMakeFiles/CMakeTmp']
  ignore line: [Building C object CMakeFiles/cmTC_d3168.dir/CMakeCCompilerABI.c.o]
  ignore line: [/usr/bin/cc   -v -o CMakeFiles/cmTC_d3168.dir/CMakeCCompilerABI.c.o   -c /usr/share/cmake-3.16/Modules/CMakeCCompilerABI.c]
  ignore line: [Using built-in specs.]
  ignore line: [COLLECT_GCC=/usr/bin/cc]
  ignore line: [OFFLOAD_TARGET_NAMES=nvptx-none:hsa]
  ignore line: [OFFLOAD_TARGET_DEFAULT=1]
  ignore line: [Target: x86_64-linux-gnu]
  ignore line: [Configured with: ../src/configure -v --with-pkgversion='Ubuntu 9.4.0-1ubuntu1~20.04.1' --with-bugurl=file:///usr/share/doc/gcc-9/README.Bugs --enable-languages=c ada c++ go brig d fortran objc obj-c++ gm2 --prefix=/usr --with-gcc-major-version-only --program-suffix=-9 --program-prefix=x86_64-linux-gnu- --enable-shared --enable-linker-build-id --libexecdir=/usr/lib --without-included-gettext --enable-threads=posix --libdir=/usr/lib --enable-nls --enable-clocale=gnu --enable-libstdcxx-debug --enable-libstdcxx-time=yes --with-default-libstdcxx-abi=new --enable-gnu-unique-object --disable-vtable-verify --enable-plugin --enable-default-pie --with-system-zlib --with-target-system-zlib=auto --enable-objc-gc=auto --enable-multiarch --disable-werror --with-arch-32=i686 --with-abi=m64 --with-multilib-list=m32 m64 mx32 --enable-multilib --with-tune=generic --enable-offload-targets=nvptx-none=/build/gcc-9-Av3uEd/gcc-9-9.4.0/debian/tmp-nvptx/usr hsa --without-cuda-driver --enable-checking=release --build=x86_64-linux-gnu --host=x86_64-linux-gnu --target=x86_64-linux-gnu]
  ignore line: [Thread model: posix]
  ignore line: [gcc version 9.4.0 (Ubuntu 9.4.0-1ubuntu1~20.04.1) ]
  ignore line: [COLLECT_GCC_OPTIONS='-v' '-o' 'CMakeFiles/cmTC_d3168.dir/CMakeCCompilerABI.c.o' '-c' '-mtune=generic' '-march=x86-64']
  ignore line: [ /usr/lib/gcc/x86_64-linux-gnu/9/cc1 -quiet -v -imultiarch x86_64-linux-gnu /usr/share/cmake-3.16/Modules/CMakeCCompilerABI.c -quiet -dumpbase CMakeCCompilerABI.c -mtune=generic -march=x86-64 -auxbase-strip CMakeFiles/cmTC_d3168.dir/CMakeCCompilerABI.c.o -version -fasynchronous-unwind-tables -fstack-protector-strong -Wformat -Wformat-security -fstack-clash-protection -fcf-protection -o /tmp/ccFCwTnO.s]
  ignore line: [GNU C17 (Ubuntu 9.4.0-1ubuntu1~20.04.1) version 9.4.0 (x86_64-linux-gnu)]
  ignore line: [	compiled by GNU C version 9.4.0  GMP version 6.2.0  MPFR version 4.0.2  MPC version 1.1.0  isl version isl-0.22.1-GMP]
  ignore line: []
  ignore line: [GGC heuristics: --param ggc-min-expand=100 --param ggc-min-heapsize=131072]
  ignore line: [ignoring nonexistent directory "/usr/local/include/x86_64-linux-gnu"]
  ignore line: [ignoring nonexistent directory "/usr/lib/gcc/x86_64-linux-gnu/9/include-fixed"]
  ignore line: [ignoring nonexistent directory "/usr/lib/gcc/x86_64-linux-gnu/9/../../../../x86_64-linux-gnu/include"]
  ignore line: [#include "..." search starts here:]
  ignore line: [#include <...> search starts here:]
  ignore line: [ /usr/lib/gcc/x86_64-linux-gnu/9/include]
  ignore line: [ /usr/local/include]
  ignore line: [ /usr/include/x86_64-linux-gnu]
  ignore line: [ /usr/include]
  ignore line: [End of search list.]
  ignore line: [GNU C17 (Ubuntu 9.4.0-1ubuntu1~20.04.1) version 9.4.0 (x86_64-linux-gnu)]
  ignore line: [	compiled by GNU C version 9.4.0  GMP version 6.2.0  MPFR version 4.0.2  MPC version 1.1.0  isl version isl-0.22.1-GMP]
  ignore line: []
  ignore line: [GGC heuristics: --param ggc-min-expand=100 --param ggc-min-heapsize=131072]
  ignore line: [Compiler executable checksum: c0c95c0b4209efec1c1892d5ff24030b]
  ignore line: [COLLECT_GCC_OPTIONS='-v' '-o' 'CMakeFiles/cmTC_d3168.dir/CMakeCCompilerABI.c.o' '-c' '-mtune=generic' '-march=x86-64']
  ignore line: [ as -v --64 -o CMakeFiles/cmTC_d3168.dir/CMakeCCompilerABI.c.o /tmp/ccFCwTnO.s]
  ignore line: [GNU assembler version 2.34 (x86_64-linux-gnu) using BFD version (GNU Binutils for Ubuntu) 2.34]
  ignore line: [COMPILER_PATH=/usr/lib/gcc/x86_64-linux-gnu/9/:/usr/lib/gcc/x86_64-linux-gnu/9/:/usr/lib/gcc/x86_64-linux-gnu/:/usr/lib/gcc/x86_64-linux-gnu/9/:/usr/lib/gcc/x86_64-linux-gnu/]
  ignore line: [LIBRARY_PATH=/usr/lib/gcc/x86_64-linux-gnu/9/:/usr/lib/gcc/x86_64-linux-gnu/9/../../../x86_64-linux-gnu/:/usr/lib/gcc/x86_64-linux-gnu/9/../../../../lib/:/lib/x86_64-linux-gnu/:/lib/../lib/:/usr/lib/x86_64-linux-gnu/:/usr/lib/../lib/:/usr/lib/gcc/x86_64-linux-gnu/9/../../../:/lib/:/usr/lib/]
  ignore line: [COLLECT_GCC_OPTIONS='-v' '-o' 'CMakeFiles/cmTC_d3168.dir/CMakeCCompilerABI.c.o' '-c' '-mtune=generic' '-march=x86-64']
  ignore line: [Linking C executable cmTC_d3168]
  ignore line: [/usr/bin/cmake -E cmake_link_script CMakeFiles/cmTC_d3168.dir/link.txt --verbose=1]
  ignore line: [/usr/bin/cc     -v -rdynamic CMakeFiles/cmTC_d3168.dir/CMakeCCompilerABI.c.o  -o cmTC_d3168 ]
  ignore line: [Using built-in specs.]
  ignore line: [COLLECT_GCC=/usr/bin/cc]
  ignore line: [COLLECT_LTO_WRAPPER=/usr/lib/gcc/x86_64-linux-gnu/9/lto-wrapper]
  ignore line: [OFFLOAD_TARGET_NAMES=nvptx-none:hsa]
  ignore line: [OFFLOAD_TARGET_DEFAULT=1]
  ignore line: [Target: x86_64-linux-gnu]
  ignore line: [Configured with: ../src/configure -v --with-pkgversion='Ubuntu 9.4.0-1ubuntu1~20.04.1' --with-bugurl=file:///usr/share/doc/gcc-9/README.Bugs --enable-languages=c ada c++ go brig d fortran objc obj-c++ gm2 --prefix=/usr --with-gcc-major-version-only --program-suffix=-9 --program-prefix=x86_64-linux-gnu- --enable-shared --enable-linker-build-id --libexecdir=/usr/lib --without-included-gettext --enable-threads=posix --libdir=/usr/lib --enable-nls --enable-clocale=gnu --enable-libstdcxx-debug --enable-libstdcxx-time=yes --with-default-libstdcxx-abi=new --enable-gnu-unique-object --disable-vtable-verify --enable-plugin --enable-default-pie --with-system-zlib --with-target-system-zlib=auto --enable-objc-gc=auto --enable-multiarch --disable-werror --with-arch-32=i686 --with-abi=m64 --with-multilib-list=m32 m64 mx32 --enable-multilib --with-tune=generic --enable-offload-targets=nvptx-none=/build/gcc-9-Av3uEd/gcc-9-9.4.0/debian/tmp-nvptx/usr hsa --without-cuda-driver --enable-checking=release --build=x86_64-linux-gnu --host=x86_64-linux-gnu --target=x86_64-linux-gnu]
  ignore line: [Thread model: posix]
  ignore line: [gcc version 9.4.0 (Ubuntu 9.4.0-1ubuntu1~20.04.1) ]
  ignore line: [COMPILER_PATH=/usr/lib/gcc/x86_64-linux-gnu/9/:/usr/lib/gcc/x86_64-linux-gnu/9/:/usr/lib/gcc/x86_64-linux-gnu/:/usr/lib/gcc/x86_64-linux-gnu/9/:/usr/lib/gcc/x86_64-linux-gnu/]
  ignore line: [LIBRARY_PATH=/usr/lib/gcc/x86_64-linux-gnu/9/:/usr/lib/gcc/x86_64-linux-gnu/9/../../../x86_64-linux-gnu/:/usr/lib/gcc/x86_64-linux-gnu/9/../../../../lib/:/lib/x86_64-linux-gnu/:/lib/../lib/:/usr/lib/x86_64-linux-gnu/:/usr/lib/../lib/:/usr/lib/gcc/x86_64-linux-gnu/9/../../../:/lib/:/usr/lib/]
  ignore line: [COLLECT_GCC_OPTIONS='-v' '-rdynamic' '-o' 'cmTC_d3168' '-mtune=generic' '-march=x86-64']
  link line: [ /usr/lib/gcc/x86_64-linux-gnu/9/collect2 -plugin /usr/lib/gcc/x86_64-linux-gnu/9/liblto_plugin.so -plugin-opt=/usr/lib/gcc/x86_64-linux-gnu/9/lto-wrapper -plugin-opt=-fresolution=/tmp/cc5zCtRh.res -plugin-opt=-pass-through=-lgcc -plugin-opt=-pass-through=-lgcc_s -plugin-opt=-pass-through=-lc -plugin-opt=-pass-through=-lgcc -plugin-opt=-pass-through=-lgcc_s --build-id --eh-frame-hdr -m elf_x86_64 --hash-style=gnu --as-needed -export-dynamic -dynamic-linker /lib64/ld-linux-x86-64.so.2 -pie -z now -z relro -o cmTC_d3168 /usr/lib/gcc/x86_64-linux-gnu/9/../../../x86_64-linux-gnu/Scrt1.o /usr/lib/gcc/x86_64-linux-gnu/9/../../../x86_64-linux-gnu/crti.o /usr/lib/gcc/x86_64-linux-gnu/9/crtbeginS.o -L/usr/lib/gcc/x86_64-linux-gnu/9 -L/usr/lib/gcc/x86_64-linux-gnu/9/../../../x86_64-linux-gnu -L/usr/lib/gcc/x86_64-linux-gnu/9/../../../../lib -L/lib/x86_64-linux-gnu -L/lib/../lib -L/usr/lib/x86_64-linux-gnu -L/usr/lib/../lib -L/usr/lib/gcc/x86_64-linux-gnu/9/../../.. CMakeFiles/cmTC_d3168.dir/CMakeCCompilerABI.c.o -lgcc --push-state --as-needed -lgcc_s --pop-state -lc -lgcc --push-state --as-needed -lgcc_s --pop-state /usr/lib/gcc/x86_64-linux-gnu/9/crtendS.o /usr/lib/gcc/x86_64-linux-gnu/9/../../../x86_64-linux-gnu/crtn.o]
    arg [/usr/lib/gcc/x86_64-linux-gnu/9/collect2] ==> ignore
    arg [-plugin] ==> ignore
    arg [/usr/lib/gcc/x86_64-linux-gnu/9/liblto_plugin.so] ==> ignore
    arg [-plugin-opt=/usr/lib/gcc/x86_64-linux-gnu/9/lto-wrapper] ==> ignore
    arg [-plugin-opt=-fresolution=/tmp/cc5zCtRh.res] ==> ignore
    arg [-plugin-opt=-pass-through=-lgcc] ==> ignore
    arg [-plugin-opt=-pass-through=-lgcc_s] ==> ignore
    arg [-plugin-opt=-pass-through=-lc] ==> ignore
    arg [-plugin-opt=-pass-through=-lgcc] ==> ignore
    arg [-plugin-opt=-pass-through=-lgcc_s] ==> ignore
    arg [--build-id] ==> ignore
    arg [--eh-frame-hdr] ==> ignore
    arg [-m] ==> ignore
    arg [elf_x86_64] ==> ignore
    arg [--hash-style=gnu] ==> ignore
    arg [--as-needed] ==> ignore
    arg [-export-dynamic] ==> ignore
    arg [-dynamic-linker] ==> ignore
    arg [/lib64/ld-linux-x86-64.so.2] ==> ignore
    arg [-pie] ==> ignore
    arg [-znow] ==> ignore
    arg [-zrelro] ==> ignore
    arg [-o] ==> ignore
    arg [cmTC_d3168] ==> ignore
    arg [/usr/lib/gcc/x86_64-linux-gnu/9/../../../x86_64-linux-gnu/Scrt1.o] ==> ignore
    arg [/usr/lib/gcc/x86_64-linux-gnu/9/../../../x86_64-linux-gnu/crti.o] ==> ignore
    arg [/usr/lib/gcc/x86_64-linux-gnu/9/crtbeginS.o] ==> ignore
    arg [-L/usr/lib/gcc/x86_64-linux-gnu/9] ==> dir [/usr/lib/gcc/x86_64-linux-gnu/9]
    arg [-L/usr/lib/gcc/x86_64-linux-gnu/9/../../../x86_64-linux-gnu] ==> dir [/usr/lib/gcc/x86_64-linux-gnu/9/../../../x86_64-linux-gnu]
    arg [-L/usr/lib/gcc/x86_64-linux-gnu/9/../../../../lib] ==> dir [/usr/lib/gcc/x86_64-linux-gnu/9/../../../../lib]
    arg [-L/lib/x86_64-linux-gnu] ==> dir [/lib/x86_64-linux-gnu]
    arg [-L/lib/../lib] ==> dir [/lib/../lib]
    arg [-L/usr/lib/x86_64-linux-gnu] ==> dir [/usr/lib/x86_64-linux-gnu]
    arg [-L/usr/lib/../lib] ==> dir [/usr/lib/../lib]
    arg [-L/usr/lib/gcc/x86_64-linux-gnu/9/../../..] ==> dir [/usr/lib/gcc/x86_64-linux-gnu/9/../../..]
    arg [CMakeFiles/cmTC_d3168.dir/CMakeCCompilerABI.c.o] ==> ignore
    arg [-lgcc] ==> lib [gcc]
    arg [--push-state] ==> ignore
    arg [--as-needed] ==> ignore
    arg [-lgcc_s] ==> lib [gcc_s]
    arg [--pop-state] ==> ignore
    arg [-lc] ==> lib [c]
    arg [-lgcc] ==> lib [gcc]
    arg [--push-state] ==> ignore
    arg [--as-needed] ==> ignore
    arg [-lgcc_s] ==> lib [gcc_s]
    arg [--pop-state] ==> ignore
    arg [/usr/lib/gcc/x86_64-linux-gnu/9/crtendS.o] ==> ignore
    arg [/usr/lib/gcc/x86_64-linux-gnu/9/../../../x86_64-linux-gnu/crtn.o] ==> ignore
  collapse library dir [/usr/lib/gcc/x86_64-linux-gnu/9] ==> [/usr/lib/gcc/x86_64-linux-gnu/9]
  collapse library dir [/usr/lib/gcc/x86_64-linux-gnu/9/../../../x86_64-linux-gnu] ==> [/usr/lib/x86_64-linux-gnu]
  collapse library dir [/usr/lib/gcc/x86_64-linux-gnu/9/../../../../lib] ==> [/usr/lib]
  collapse library dir [/lib/x86_64-linux-gnu] ==> [/lib/x86_64-linux-gnu]
  collapse library dir [/lib/../lib] ==> [/lib]
  collapse library dir [/usr/lib/x86_64-linux-gnu] ==> [/usr/lib/x86_64-linux-gnu]
  collapse library dir [/usr/lib/../lib] ==> [/usr/lib]
  collapse library dir [/usr/lib/gcc/x86_64-linux-gnu/9/../../..] ==> [/usr/lib]
  implicit libs: [gcc;gcc_s;c;gcc;gcc_s]
  implicit dirs: [/usr/lib/gcc/x86_64-linux-gnu/9;/usr/lib/x86_64-linux-gnu;/usr/lib;/lib/x86_64-linux-gnu;/lib]
  implicit fwks: []


Performing C SOURCE FILE Test HAVE_GCC_WALL succeeded with the following output:
Change Dir: /home/blla008/Documents/bd-anchors-new/bd-index_new/psascan/libdivsufsort-2.0.1/build/CMakeFiles/CMakeTmp

Run Build Command(s):/usr/bin/make cmTC_85063/fast && /usr/bin/make -f CMakeFiles/cmTC_85063.dir/build.make CMakeFiles/cmTC_85063.dir/build
make[1]: Entering directory '/home/blla008/Documents/bd-anchors-new/bd-index_new/psascan/libdivsufsort-2.0.1/build/CMakeFiles/CMakeTmp'
Building C object CMakeFiles/cmTC_85063.dir/src.c.o
/usr/bin/cc   -DHAVE_GCC_WALL -Wall   -o CMakeFiles/cmTC_85063.dir/src.c.o   -c /home/blla008/Documents/bd-anchors-new/bd-index_new/psascan/libdivsufsort-2.0.1/build/CMakeFiles/CMakeTmp/src.c
Linking C executable cmTC_85063
/usr/bin/cmake -E cmake_link_script CMakeFiles/cmTC_85063.dir/link.txt --verbose=1
/usr/bin/cc  -DHAVE_GCC_WALL -Wall    -rdynamic CMakeFiles/cmTC_85063.dir/src.c.o  -o cmTC_85063 
make[1]: Leaving directory '/home/blla008/Documents/bd-anchors-new/bd-index_new/psascan/libdivsufsort-2.0.1/build/CMakeFiles/CMakeTmp'


Source file was:
int main() { return 0; }
Performing C SOURCE FILE Test HAVE_GCC_FOMIT_FRAME_POINTER succeeded with the following output:
Change Dir: /home/blla008/Documents/bd-anchors-new/bd-index_new/psascan/libdivsufsort-2.0.1/build/CMakeFiles/CMakeTmp

Run Build Command(s):/usr/bin/make cmTC_b6d1c/fast && /usr/bin/make -f CMakeFiles/cmTC_b6d1c.dir/build.make CMakeFiles/cmTC_b6d1c.dir/build
make[1]: Entering directory '/home/blla008/Documents/bd-anchors-new/bd-index_new/psascan/libdivsufsort-2.0.1/build/CMakeFiles/CMakeTmp'
Building C object CMakeFiles/cmTC_b6d1c.dir/src.c.o
/usr/bin/cc   -Wall -DHAVE_GCC_FOMIT_FRAME_POINTER -fomit-frame-pointer   -o CMakeFiles/cmTC_b6d1c.dir/src.c.o   -c /home/blla008/Documents/bd-anchors-new/bd-index_new/psascan/libdivsufsort-2.0.1/build/CMakeFiles/CMakeTmp/src.c
Linking C executable cmTC_b6d1c
/usr/bin/cmake -E cmake_link_script CMakeFiles/cmTC_b6d1c.dir/link.txt --verbose=1
/usr/bin/cc  -Wall -DHAVE_GCC_FOMIT_FRAME_POINTER -fomit-frame-pointer    -rdynamic CMakeFiles/cmTC_b6d1c.dir/src.c.o  -o cmTC_b6d1c 
make[1]: Leaving directory '/home/blla008/Documents/bd-anchors-new/bd-index_new/psascan/libdivsufsort-2.0.1/build/CMakeFiles/CMakeTmp'


Source file was:
int main() { return 0; }
Determining if the include file inttypes.h exists passed with the following output:
Change Dir: /home/blla008/Documents/bd-anchors-new/bd-index_new/psascan/libdivsufsort-2.0.1/build/CMakeFiles/CMakeTmp

Run Build Command(s):/usr/bin/make cmTC_a47f9/fast && /usr/bin/make -f CMakeFiles/cmTC_a47f9.dir/build.make CMakeFiles/cmTC_a47f9.dir/build
make[1]: Entering directory '/home/blla008/Documents/bd-anchors-new/bd-index_new/psascan/libdivsufsort-2.0.1/build/CMakeFiles/CMakeTmp'
Building C object CMakeFiles/cmTC_a47f9.dir/CheckIncludeFile.c.o
/usr/bin/cc   -Wall    -o CMakeFiles/cmTC_a47f9.dir/CheckIncludeFile.c.o   -c /home/blla008/Documents/bd-anchors-new/bd-index_new/psascan/libdivsufsort-2.0.1/build/CMakeFiles/CMakeTmp/CheckIncludeFile.c
Linking C executable cmTC_a47f9
/usr/bin/cmake -E cmake_link_script CMakeFiles/cmTC_a47f9.dir/link.txt --verbose=1
/usr/bin/cc  -Wall     -rdynamic CMakeFiles/cmTC_a47f9.dir/CheckIncludeFile.c.o  -o cmTC_a47f9 
make[1]: Leaving directory '/home/blla008/Documents/bd-anchors-new/bd-index_new/psascan/libdivsufsort-2.0.1/build/CMakeFiles/CMakeTmp'



Determining if the include file memory.h exists passed with the following output:
Change Dir: /home/blla008/Documents/bd-anchors-new/bd-index_new/psascan/libdivsufsort-2.0.1/build/CMakeFiles/CMakeTmp

Run Build Command(s):/usr/bin/make cmTC_1cff3/fast && /usr/bin/make -f CMakeFiles/cmTC_1cff3.dir/build.make CMakeFiles/cmTC_1cff3.dir/build
make[1]: Entering directory '/home/blla008/Documents/bd-anchors-new/bd-index_new/psascan/libdivsufsort-2.0.1/build/CMakeFiles/CMakeTmp'
Building C object CMakeFiles/cmTC_1cff3.dir/CheckIncludeFile.c.o
/usr/bin/cc   -Wall    -o CMakeFiles/cmTC_1cff3.dir/CheckIncludeFile.c.o   -c /home/blla008/Documents/bd-anchors-new/bd-index_new/psascan/libdivsufsort-2.0.1/build/CMakeFiles/CMakeTmp/CheckIncludeFile.c
Linking C executable cmTC_1cff3
/usr/bin/cmake -E cmake_link_script CMakeFiles/cmTC_1cff3.dir/link.txt --verbose=1
/usr/bin/cc  -Wall     -rdynamic CMakeFiles/cmTC_1cff3.dir/CheckIncludeFile.c.o  -o cmTC_1cff3 
make[1]: Leaving directory '/home/blla008/Documents/bd-anchors-new/bd-index_new/psascan/libdivsufsort-2.0.1/build/CMakeFiles/CMakeTmp'



Determining if the include file stddef.h exists passed with the following output:
Change Dir: /home/blla008/Documents/bd-anchors-new/bd-index_new/psascan/libdivsufsort-2.0.1/build/CMakeFiles/CMakeTmp

Run Build Command(s):/usr/bin/make cmTC_1e661/fast && /usr/bin/make -f CMakeFiles/cmTC_1e661.dir/build.make CMakeFiles/cmTC_1e661.dir/build
make[1]: Entering directory '/home/blla008/Documents/bd-anchors-new/bd-index_new/psascan/libdivsufsort-2.0.1/build/CMakeFiles/CMakeTmp'
Building C object CMakeFiles/cmTC_1e661.dir/CheckIncludeFile.c.o
/usr/bin/cc   -Wall    -o CMakeFiles/cmTC_1e661.dir/CheckIncludeFile.c.o   -c /home/blla008/Documents/bd-anchors-new/bd-index_new/psascan/libdivsufsort-2.0.1/build/CMakeFiles/CMakeTmp/CheckIncludeFile.c
Linking C executable cmTC_1e661
/usr/bin/cmake -E cmake_link_script CMakeFiles/cmTC_1e661.dir/link.txt --verbose=1
/usr/bin/cc  -Wall     -rdynamic CMakeFiles/cmTC_1e661.dir/CheckIncludeFile.c.o  -o cmTC_1e661 
make[1]: Leaving directory '/home/blla008/Documents/bd-anchors-new/bd-index_new/psascan/libdivsufsort-2.0.1/build/CMakeFiles/CMakeTmp'



Determining if the include file stdint.h exists passed with the following output:
Change Dir: /home/blla008/Documents/bd-anchors-new/bd-index_new/psascan/libdivsufsort-2.0.1/build/CMakeFiles/CMakeTmp

Run Build Command(s):/usr/bin/make cmTC_ca272/fast && /usr/bin/make -f CMakeFiles/cmTC_ca272.dir/build.make CMakeFiles/cmTC_ca272.dir/build
make[1]: Entering directory '/home/blla008/Documents/bd-anchors-new/bd-index_new/psascan/libdivsufsort-2.0.1/build/CMakeFiles/CMakeTmp'
Building C object CMakeFiles/cmTC_ca272.dir/CheckIncludeFile.c.o
/usr/bin/cc   -Wall    -o CMakeFiles/cmTC_ca272.dir/CheckIncludeFile.c.o   -c /home/blla008/Documents/bd-anchors-new/bd-index_new/psascan/libdivsufsort-2.0.1/build/CMakeFiles/CMakeTmp/CheckIncludeFile.c
Linking C executable cmTC_ca272
/usr/bin/cmake -E cmake_link_script CMakeFiles/cmTC_ca272.dir/link.txt --verbose=1
/usr/bin/cc  -Wall     -rdynamic CMakeFiles/cmTC_ca272.dir/CheckIncludeFile.c.o  -o cmTC_ca272 
make[1]: Leaving directory '/home/blla008/Documents/bd-anchors-new/bd-index_new/psascan/libdivsufsort-2.0.1/build/CMakeFiles/CMakeTmp'



Determining if the include file stdlib.h exists passed with the following output:
Change Dir: /home/blla008/Documents/bd-anchors-new/bd-index_new/psascan/libdivsufsort-2.0.1/build/CMakeFiles/CMakeTmp

Run Build Command(s):/usr/bin/make cmTC_9629d/fast && /usr/bin/make -f CMakeFiles/cmTC_9629d.dir/build.make CMakeFiles/cmTC_9629d.dir/build
make[1]: Entering directory '/home/blla008/Documents/bd-anchors-new/bd-index_new/psascan/libdivsufsort-2.0.1/build/CMakeFiles/CMakeTmp'
Building C object CMakeFiles/cmTC_9629d.dir/CheckIncludeFile.c.o
/usr/bin/cc   -Wall    -o CMakeFiles/cmTC_9629d.dir/CheckIncludeFile.c.o   -c /home/blla008/Documents/bd-anchors-new/bd-index_new/psascan/libdivsufsort-2.0.1/build/CMakeFiles/CMakeTmp/CheckIncludeFile.c
Linking C executable cmTC_9629d
/usr/bin/cmake -E cmake_link_script CMakeFiles/cmTC_9629d.dir/link.txt --verbose=1
/usr/bin/cc  -Wall     -rdynamic CMakeFiles/cmTC_9629d.dir/CheckIncludeFile.c.o  -o cmTC_9629d 
make[1]: Leaving directory '/home/blla008/Documents/bd-anchors-new/bd-index_new/psascan/libdivsufsort-2.0.1/build/CMakeFiles/CMakeTmp'



Determining if the include file string.h exists passed with the following output:
Change Dir: /home/blla008/Documents/bd-anchors-new/bd-index_new/psascan/libdivsufsort-2.0.1/build/CMakeFiles/CMakeTmp

Run Build Command(s):/usr/bin/make cmTC_07897/fast && /usr/bin/make -f CMakeFiles/cmTC_07897.dir/build.make CMakeFiles/cmTC_07897.dir/build
make[1]: Entering directory '/home/blla008/Documents/bd-anchors-new/bd-index_new/psascan/libdivsufsort-2.0.1/build/CMakeFiles/CMakeTmp'
Building C object CMakeFiles/cmTC_07897.dir/CheckIncludeFile.c.o
/usr/bin/cc   -Wall    -o CMakeFiles/cmTC_07897.dir/CheckIncludeFile.c.o   -c /home/blla008/Documents/bd-anchors-new/bd-index_new/psascan/libdivsufsort-2.0.1/build/CMakeFiles/CMakeTmp/CheckIncludeFile.c
Linking C executable cmTC_07897
/usr/bin/cmake -E cmake_link_script CMakeFiles/cmTC_07897.dir/link.txt --verbose=1
/usr/bin/cc  -Wall     -rdynamic CMakeFiles/cmTC_07897.dir/CheckIncludeFile.c.o  -o cmTC_07897 
make[1]: Leaving directory '/home/blla008/Documents/bd-anchors-new/bd-index_new/psascan/libdivsufsort-2.0.1/build/CMakeFiles/CMakeTmp'



Determining if the include file strings.h exists passed with the following output:
Change Dir: /home/blla008/Documents/bd-anchors-new/bd-index_new/psascan/libdivsufsort-2.0.1/build/CMakeFiles/CMakeTmp

Run Build Command(s):/usr/bin/make cmTC_b16d6/fast && /usr/bin/make -f CMakeFiles/cmTC_b16d6.dir/build.make CMakeFiles/cmTC_b16d6.dir/build
make[1]: Entering directory '/home/blla008/Documents/bd-anchors-new/bd-index_new/psascan/libdivsufsort-2.0.1/build/CMakeFiles/CMakeTmp'
Building C object CMakeFiles/cmTC_b16d6.dir/CheckIncludeFile.c.o
/usr/bin/cc   -Wall    -o CMakeFiles/cmTC_b16d6.dir/CheckIncludeFile.c.o   -c /home/blla008/Documents/bd-anchors-new/bd-index_new/psascan/libdivsufsort-2.0.1/build/CMakeFiles/CMakeTmp/CheckIncludeFile.c
Linking C executable cmTC_b16d6
/usr/bin/cmake -E cmake_link_script CMakeFiles/cmTC_b16d6.dir/link.txt --verbose=1
/usr/bin/cc  -Wall     -rdynamic CMakeFiles/cmTC_b16d6.dir/CheckIncludeFile.c.o  -o cmTC_b16d6 
make[1]: Leaving directory '/home/blla008/Documents/bd-anchors-new/bd-index_new/psascan/libdivsufsort-2.0.1/build/CMakeFiles/CMakeTmp'



Determining if the include file sys/types.h exists passed with the following output:
Change Dir: /home/blla008/Documents/bd-anchors-new/bd-index_new/psascan/libdivsufsort-2.0.1/build/CMakeFiles/CMakeTmp

Run Build Command(s):/usr/bin/make cmTC_19cc3/fast && /usr/bin/make -f CMakeFiles/cmTC_19cc3.dir/build.make CMakeFiles/cmTC_19cc3.dir/build
make[1]: Entering directory '/home/blla008/Documents/bd-anchors-new/bd-index_new/psascan/libdivsufsort-2.0.1/build/CMakeFiles/CMakeTmp'
Building C object CMakeFiles/cmTC_19cc3.dir/CheckIncludeFile.c.o
/usr/bin/cc   -Wall    -o CMakeFiles/cmTC_19cc3.dir/CheckIncludeFile.c.o   -c /home/blla008/Documents/bd-anchors-new/bd-index_new/psascan/libdivsufsort-2.0.1/build/CMakeFiles/CMakeTmp/CheckIncludeFile.c
Linking C executable cmTC_19cc3
/usr/bin/cmake -E cmake_link_script CMakeFiles/cmTC_19cc3.dir/link.txt --verbose=1
/usr/bin/cc  -Wall     -rdynamic CMakeFiles/cmTC_19cc3.dir/CheckIncludeFile.c.o  -o cmTC_19cc3 
make[1]: Leaving directory '/home/blla008/Documents/bd-anchors-new/bd-index_new/psascan/libdivsufsort-2.0.1/build/CMakeFiles/CMakeTmp'



Determining size of off_t passed with the following output:
Change Dir: /home/blla008/Documents/bd-anchors-new/bd-index_new/psascan/libdivsufsort-2.0.1/build/CMakeFiles/CMakeTmp

Run Build Command(s):/usr/bin/make cmTC_784a4/fast && /usr/bin/make -f CMakeFiles/cmTC_784a4.dir/build.make CMakeFiles/cmTC_784a4.dir/build
make[1]: Entering directory '/home/blla008/Documents/bd-anchors-new/bd-index_new/psascan/libdivsufsort-2.0.1/build/CMakeFiles/CMakeTmp'
Building C object CMakeFiles/cmTC_784a4.dir/SIZEOF_OFF_T.c.o
/usr/bin/cc -D_FILE_OFFSET_BITS=64 -D_LARGEFILE_SOURCE -D_LARGE_FILES -D__STDC_CONSTANT_MACROS -D__STDC_FORMAT_MACROS -D__STDC_LIMIT_MACROS  -Wall    -o CMakeFiles/cmTC_784a4.dir/SIZEOF_OFF_T.c.o   -c /home/blla008/Documents/bd-anchors-new/bd-index_new/psascan/libdivsufsort-2.0.1/build/CMakeFiles/CheckTypeSize/SIZEOF_OFF_T.c
Linking C executable cmTC_784a4
/usr/bin/cmake -E cmake_link_script CMakeFiles/cmTC_784a4.dir/link.txt --verbose=1
/usr/bin/cc  -Wall     -rdynamic CMakeFiles/cmTC_784a4.dir/SIZEOF_OFF_T.c.o  -o cmTC_784a4 
make[1]: Leaving directory '/home/blla008/Documents/bd-anchors-new/bd-index_new/psascan/libdivsufsort-2.0.1/build/CMakeFiles/CMakeTmp'



Determining if the fseeko exist passed with the following output:
Change Dir: /home/blla008/Documents/bd-anchors-new/bd-index_new/psascan/libdivsufsort-2.0.1/build/CMakeFiles/CMakeTmp

Run Build Command(s):/usr/bin/make cmTC_f6439/fast && /usr/bin/make -f CMakeFiles/cmTC_f6439.dir/build.make CMakeFiles/cmTC_f6439.dir/build
make[1]: Entering directory '/home/blla008/Documents/bd-anchors-new/bd-index_new/psascan/libdivsufsort-2.0.1/build/CMakeFiles/CMakeTmp'
Building C object CMakeFiles/cmTC_f6439.dir/CheckSymbolExists.c.o
/usr/bin/cc -D_FILE_OFFSET_BITS=64 -D_LARGEFILE_SOURCE -D_LARGE_FILES -D__STDC_CONSTANT_MACROS -D__STDC_FORMAT_MACROS -D__STDC_LIMIT_MACROS  -Wall    -o CMakeFiles/cmTC_f6439.dir/CheckSymbolExists.c.o   -c /home/blla008/Documents/bd-anchors-new/bd-index_new/psascan/libdivsufsort-2.0.1/build/CMakeFiles/CMakeTmp/CheckSymbolExists.c
Linking C executable cmTC_f6439
/usr/bin/cmake -E cmake_link_script CMakeFiles/cmTC_f6439.dir/link.txt --verbose=1
/usr/bin/cc  -Wall     -rdynamic CMakeFiles/cmTC_f6439.dir/CheckSymbolExists.c.o  -o cmTC_f6439 
make[1]: Leaving directory '/home/blla008/Documents/bd-anchors-new/bd-index_new/psascan/libdivsufsort-2.0.1/build/CMakeFiles/CMakeTmp'


File /home/blla008/Documents/bd-anchors-new/bd-index_new/psascan/libdivsufsort-2.0.1/build/CMakeFiles/CMakeTmp/CheckSymbolExists.c:
/* */
#include <stdio.h>

int main(int argc, char** argv)
{
  (void)argv;
#ifndef fseeko
  return ((int*)(&fseeko))[argc];
#else
  (void)argc;
  return 0;
#endif
}
Determining if the ftello exist passed with the following output:
Change Dir: /home/blla008/Documents/bd-anchors-new/bd-index_new/psascan/libdivsufsort-2.0.1/build/CMakeFiles/CMakeTmp

Run Build Command(s):/usr/bin/make cmTC_65acf/fast && /usr/bin/make -f CMakeFiles/cmTC_65acf.dir/build.make CMakeFiles/cmTC_65acf.dir/build
make[1]: Entering directory '/home/blla008/Documents/bd-anchors-new/bd-index_new/psascan/libdivsufsort-2.0.1/build/CMakeFiles/CMakeTmp'
Building C object CMakeFiles/cmTC_65acf.dir/CheckSymbolExists.c.o
/usr/bin/cc -D_FILE_OFFSET_BITS=64 -D_LARGEFILE_SOURCE -D_LARGE_FILES -D__STDC_CONSTANT_MACROS -D__STDC_FORMAT_MACROS -D__STDC_LIMIT_MACROS  -Wall    -o CMakeFiles/cmTC_65acf.dir/CheckSymbolExists.c.o   -c /home/blla008/Documents/bd-anchors-new/bd-index_new/psascan/libdivsufsort-2.0.1/build/CMakeFiles/CMakeTmp/CheckSymbolExists.c
Linking C executable cmTC_65acf
/usr/bin/cmake -E cmake_link_script CMakeFiles/cmTC_65acf.dir/link.txt --verbose=1
/usr/bin/cc  -Wall     -rdynamic CMakeFiles/cmTC_65acf.dir/CheckSymbolExists.c.o  -o cmTC_65acf 
make[1]: Leaving directory '/home/blla008/Documents/bd-anchors-new/bd-index_new/psascan/libdivsufsort-2.0.1/build/CMakeFiles/CMakeTmp'


File /home/blla008/Documents/bd-anchors-new/bd-index_new/psascan/libdivsufsort-2.0.1/build/CMakeFiles/CMakeTmp/CheckSymbolExists.c:
/* */
#include <stdio.h>

int main(int argc, char** argv)
{
  (void)argv;
#ifndef ftello
  return ((int*)(&ftello))[argc];
#else
  (void)argc;
  return 0;
#endif
}
Determining if the PRIdMAX exist passed with the following output:
Change Dir: /home/blla008/Documents/bd-anchors-new/bd-index_new/psascan/libdivsufsort-2.0.1/build/CMakeFiles/CMakeTmp

Run Build Command(s):/usr/bin/make cmTC_2ab3f/fast && /usr/bin/make -f CMakeFiles/cmTC_2ab3f.dir/build.make CMakeFiles/cmTC_2ab3f.dir/build
make[1]: Entering directory '/home/blla008/Documents/bd-anchors-new/bd-index_new/psascan/libdivsufsort-2.0.1/build/CMakeFiles/CMakeTmp'
Building C object CMakeFiles/cmTC_2ab3f.dir/CheckSymbolExists.c.o
/usr/bin/cc -D_FILE_OFFSET_BITS=64 -D_LARGEFILE_SOURCE -D_LARGE_FILES -D__STDC_CONSTANT_MACROS -D__STDC_FORMAT_MACROS -D__STDC_LIMIT_MACROS  -Wall    -o CMakeFiles/cmTC_2ab3f.dir/CheckSymbolExists.c.o   -c /home/blla008/Documents/bd-anchors-new/bd-index_new/psascan/libdivsufsort-2.0.1/build/CMakeFiles/CMakeTmp/CheckSymbolExists.c
Linking C executable cmTC_2ab3f
/usr/bin/cmake -E cmake_link_script CMakeFiles/cmTC_2ab3f.dir/link.txt --verbose=1
/usr/bin/cc  -Wall     -rdynamic CMakeFiles/cmTC_2ab3f.dir/CheckSymbolExists.c.o  -o cmTC_2ab3f 
make[1]: Leaving directory '/home/blla008/Documents/bd-anchors-new/bd-index_new/psascan/libdivsufsort-2.0.1/build/CMakeFiles/CMakeTmp'


File /home/blla008/Documents/bd-anchors-new/bd-index_new/psascan/libdivsufsort-2.0.1/build/CMakeFiles/CMakeTmp/CheckSymbolExists.c:
/* */
#include <inttypes.h>

int main(int argc, char** argv)
{
  (void)argv;
#ifndef PRIdMAX
  return ((int*)(&PRIdMAX))[argc];
#else
  (void)argc;
  return 0;
#endif
}
Performing C SOURCE FILE Test HAVE_INLINE succeeded with the following output:
Change Dir: /home/blla008/Documents/bd-anchors-new/bd-index_new/psascan/libdivsufsort-2.0.1/build/CMakeFiles/CMakeTmp

Run Build Command(s):/usr/bin/make cmTC_a432d/fast && /usr/bin/make -f CMakeFiles/cmTC_a432d.dir/build.make CMakeFiles/cmTC_a432d.dir/build
make[1]: Entering directory '/home/blla008/Documents/bd-anchors-new/bd-index_new/psascan/libdivsufsort-2.0.1/build/CMakeFiles/CMakeTmp'
Building C object CMakeFiles/cmTC_a432d.dir/src.c.o
/usr/bin/cc   -Wall -DHAVE_INLINE   -o CMakeFiles/cmTC_a432d.dir/src.c.o   -c /home/blla008/Documents/bd-anchors-new/bd-index_new/psascan/libdivsufsort-2.0.1/build/CMakeFiles/CMakeTmp/src.c
Linking C executable cmTC_a432d
/usr/bin/cmake -E cmake_link_script CMakeFiles/cmTC_a432d.dir/link.txt --verbose=1
/usr/bin/cc  -Wall -DHAVE_INLINE    -rdynamic CMakeFiles/cmTC_a432d.dir/src.c.o  -o cmTC_a432d 
make[1]: Leaving directory '/home/blla008/Documents/bd-anchors-new/bd-index_new/psascan/libdivsufsort-2.0.1/build/CMakeFiles/CMakeTmp'


Source file was:
inline void func(); void func() { } int main() { func(); return 0; }
Performing C SOURCE FILE Test HAVE___INLINE succeeded with the following output:
Change Dir: /home/blla008/Documents/bd-anchors-new/bd-index_new/psascan/libdivsufsort-2.0.1/build/CMakeFiles/CMakeTmp

Run Build Command(s):/usr/bin/make cmTC_b96b5/fast && /usr/bin/make -f CMakeFiles/cmTC_b96b5.dir/build.make CMakeFiles/cmTC_b96b5.dir/build
make[1]: Entering directory '/home/blla008/Documents/bd-anchors-new/bd-index_new/psascan/libdivsufsort-2.0.1/build/CMakeFiles/CMakeTmp'
Building C object CMakeFiles/cmTC_b96b5.dir/src.c.o
/usr/bin/cc   -Wall -DHAVE___INLINE   -o CMakeFiles/cmTC_b96b5.dir/src.c.o   -c /home/blla008/Documents/bd-anchors-new/bd-index_new/psascan/libdivsufsort-2.0.1/build/CMakeFiles/CMakeTmp/src.c
Linking C executable cmTC_b96b5
/usr/bin/cmake -E cmake_link_script CMakeFiles/cmTC_b96b5.dir/link.txt --verbose=1
/usr/bin/cc  -Wall -DHAVE___INLINE    -rdynamic CMakeFiles/cmTC_b96b5.dir/src.c.o  -o cmTC_b96b5 
make[1]: Leaving directory '/home/blla008/Documents/bd-anchors-new/bd-index_new/psascan/libdivsufsort-2.0.1/build/CMakeFiles/CMakeTmp'


Source file was:
__inline void func(); void func() { } int main() { func(); return 0; }
Performing C SOURCE FILE Test HAVE___INLINE__ succeeded with the following output:
Change Dir: /home/blla008/Documents/bd-anchors-new/bd-index_new/psascan/libdivsufsort-2.0.1/build/CMakeFiles/CMakeTmp

Run Build Command(s):/usr/bin/make cmTC_136a5/fast && /usr/bin/make -f CMakeFiles/cmTC_136a5.dir/build.make CMakeFiles/cmTC_136a5.dir/build
make[1]: Entering directory '/home/blla008/Documents/bd-anchors-new/bd-index_new/psascan/libdivsufsort-2.0.1/build/CMakeFiles/CMakeTmp'
Building C object CMakeFiles/cmTC_136a5.dir/src.c.o
/usr/bin/cc   -Wall -DHAVE___INLINE__   -o CMakeFiles/cmTC_136a5.dir/src.c.o   -c /home/blla008/Documents/bd-anchors-new/bd-index_new/psascan/libdivsufsort-2.0.1/build/CMakeFiles/CMakeTmp/src.c
Linking C executable cmTC_136a5
/usr/bin/cmake -E cmake_link_script CMakeFiles/cmTC_136a5.dir/link.txt --verbose=1
/usr/bin/cc  -Wall -DHAVE___INLINE__    -rdynamic CMakeFiles/cmTC_136a5.dir/src.c.o  -o cmTC_136a5 
make[1]: Leaving directory '/home/blla008/Documents/bd-anchors-new/bd-index_new/psascan/libdivsufsort-2.0.1/build/CMakeFiles/CMakeTmp'


Source file was:
__inline__ void func(); void func() { } int main() { func(); return 0; }
Determining size of uint8_t passed with the following output:
Change Dir: /home/blla008/Documents/bd-anchors-new/bd-index_new/psascan/libdivsufsort-2.0.1/build/CMakeFiles/CMakeTmp

Run Build Command(s):/usr/bin/make cmTC_7f0ff/fast && /usr/bin/make -f CMakeFiles/cmTC_7f0ff.dir/build.make CMakeFiles/cmTC_7f0ff.dir/build
make[1]: Entering directory '/home/blla008/Documents/bd-anchors-new/bd-index_new/psascan/libdivsufsort-2.0.1/build/CMakeFiles/CMakeTmp'
Building C object CMakeFiles/cmTC_7f0ff.dir/UINT8_T.c.o
/usr/bin/cc   -Wall    -o CMakeFiles/cmTC_7f0ff.dir/UINT8_T.c.o   -c /home/blla008/Documents/bd-anchors-new/bd-index_new/psascan/libdivsufsort-2.0.1/build/CMakeFiles/CheckTypeSize/UINT8_T.c
Linking C executable cmTC_7f0ff
/usr/bin/cmake -E cmake_link_script CMakeFiles/cmTC_7f0ff.dir/link.txt --verbose=1
/usr/bin/cc  -Wall     -rdynamic CMakeFiles/cmTC_7f0ff.dir/UINT8_T.c.o  -o cmTC_7f0ff 
make[1]: Leaving directory '/home/blla008/Documents/bd-anchors-new/bd-index_new/psascan/libdivsufsort-2.0.1/build/CMakeFiles/CMakeTmp'



Determining size of int32_t passed with the following output:
Change Dir: /home/blla008/Documents/bd-anchors-new/bd-index_new/psascan/libdivsufsort-2.0.1/build/CMakeFiles/CMakeTmp

Run Build Command(s):/usr/bin/make cmTC_85c59/fast && /usr/bin/make -f CMakeFiles/cmTC_85c59.dir/build.make CMakeFiles/cmTC_85c59.dir/build
make[1]: Entering directory '/home/blla008/Documents/bd-anchors-new/bd-index_new/psascan/libdivsufsort-2.0.1/build/CMakeFiles/CMakeTmp'
Building C object CMakeFiles/cmTC_85c59.dir/INT32_T.c.o
/usr/bin/cc   -Wall    -o CMakeFiles/cmTC_85c59.dir/INT32_T.c.o   -c /home/blla008/Documents/bd-anchors-new/bd-index_new/psascan/libdivsufsort-2.0.1/build/CMakeFiles/CheckTypeSize/INT32_T.c
Linking C executable cmTC_85c59
/usr/bin/cmake -E cmake_link_script CMakeFiles/cmTC_85c59.dir/link.txt --verbose=1
/usr/bin/cc  -Wall     -rdynamic CMakeFiles/cmTC_85c59.dir/INT32_T.c.o  -o cmTC_85c59 
make[1]: Leaving directory '/home/blla008/Documents/bd-anchors-new/bd-index_new/psascan/libdivsufsort-2.0.1/build/CMakeFiles/CMakeTmp'



Determining if the PRId32 exist passed with the following output:
Change Dir: /home/blla008/Documents/bd-anchors-new/bd-index_new/psascan/libdivsufsort-2.0.1/build/CMakeFiles/CMakeTmp

Run Build Command(s):/usr/bin/make cmTC_4e69e/fast && /usr/bin/make -f CMakeFiles/cmTC_4e69e.dir/build.make CMakeFiles/cmTC_4e69e.dir/build
make[1]: Entering directory '/home/blla008/Documents/bd-anchors-new/bd-index_new/psascan/libdivsufsort-2.0.1/build/CMakeFiles/CMakeTmp'
Building C object CMakeFiles/cmTC_4e69e.dir/CheckSymbolExists.c.o
/usr/bin/cc   -Wall    -o CMakeFiles/cmTC_4e69e.dir/CheckSymbolExists.c.o   -c /home/blla008/Documents/bd-anchors-new/bd-index_new/psascan/libdivsufsort-2.0.1/build/CMakeFiles/CMakeTmp/CheckSymbolExists.c
Linking C executable cmTC_4e69e
/usr/bin/cmake -E cmake_link_script CMakeFiles/cmTC_4e69e.dir/link.txt --verbose=1
/usr/bin/cc  -Wall     -rdynamic CMakeFiles/cmTC_4e69e.dir/CheckSymbolExists.c.o  -o cmTC_4e69e 
make[1]: Leaving directory '/home/blla008/Documents/bd-anchors-new/bd-index_new/psascan/libdivsufsort-2.0.1/build/CMakeFiles/CMakeTmp'


File /home/blla008/Documents/bd-anchors-new/bd-index_new/psascan/libdivsufsort-2.0.1/build/CMakeFiles/CMakeTmp/CheckSymbolExists.c:
/* */
#include <inttypes.h>

int main(int argc, char** argv)
{
  (void)argv;
#ifndef PRId32
  return ((int*)(&PRId32))[argc];
#else
  (void)argc;
  return 0;
#endif
}
